<?xml version="1.0" encoding="UTF-8"?>
<!-- Generated by org.testng.reporters.JUnitReportReporter -->
<testsuite hostname="GREESHU" failures="0" tests="1" name="testScripts.AddCategoryTest" time="27.428" errors="0" timestamp="2024-02-01T13:52:00 IST" skipped="0">
  <testcase classname="testScripts.AddCategoryTest" name="addCategoryTest" time="27.428"/>
  <system-out/>
</testsuite> <!-- testScripts.AddCategoryTest -->
