<?xml version="1.0" encoding="UTF-8"?>
<!-- Generated by org.testng.reporters.JUnitReportReporter -->
<testsuite hostname="GREESHU" failures="0" tests="1" name="testScripts.AddCourseText" time="15.369" errors="0" timestamp="2024-02-01T13:52:26 IST" skipped="0">
  <testcase classname="testScripts.AddCourseText" name="addCourseTest" time="15.369"/>
  <system-out/>
</testsuite> <!-- testScripts.AddCourseText -->
